-------------------------------------------------------------------------------
Test set: com.TestWithMaven.RunTest
-------------------------------------------------------------------------------
Tests run: 42, Failures: 0, Errors: 21, Skipped: 21, Time elapsed: 8.164 sec <<< FAILURE!
Given the browser has started on the right link(Scenario: Valid Login)  Time elapsed: 0.062 sec  <<< ERROR!
java.lang.NullPointerException
	at com.TestWithMaven.Login._checkBrowser(Login.java:35)
	at com.TestWithMaven.Annotation.checkBrowser(Annotation.java:46)
	at ?.Given the browser has started on the right link(1_Login.feature:3)

Scenario: Valid Login  Time elapsed: 0.062 sec  <<< ERROR!
java.lang.NullPointerException
	at com.TestWithMaven.Login._checkBrowser(Login.java:35)
	at com.TestWithMaven.Annotation.checkBrowser(Annotation.java:46)
	at ?.Given the browser has started on the right link(1_Login.feature:3)

Given the browser has started on the right link(Scenario: Open New Customer page)  Time elapsed: 0 sec  <<< ERROR!
java.lang.NullPointerException
	at com.TestWithMaven.Login._checkBrowser(Login.java:35)
	at com.TestWithMaven.Annotation.checkBrowser(Annotation.java:46)
	at ?.Given the browser has started on the right link(2_Customer.feature:5)

Scenario: Open New Customer page  Time elapsed: 0.016 sec  <<< ERROR!
java.lang.NullPointerException
	at com.TestWithMaven.Login._checkBrowser(Login.java:35)
	at com.TestWithMaven.Annotation.checkBrowser(Annotation.java:46)
	at ?.Given the browser has started on the right link(2_Customer.feature:5)

Given the user is on the New Customer page(Scenario: Create a new Customer)  Time elapsed: 0 sec  <<< ERROR!
java.lang.NullPointerException
	at com.TestWithMaven.NewCustomer._verifyCustomerPage(NewCustomer.java:74)
	at com.TestWithMaven.Annotation.verifyNewCustomerPage(Annotation.java:86)
	at ?.Given the user is on the New Customer page(2_Customer.feature:11)

Scenario: Create a new Customer  Time elapsed: 0 sec  <<< ERROR!
java.lang.NullPointerException
	at com.TestWithMaven.NewCustomer._verifyCustomerPage(NewCustomer.java:74)
	at com.TestWithMaven.Annotation.verifyNewCustomerPage(Annotation.java:86)
	at ?.Given the user is on the New Customer page(2_Customer.feature:11)

Given the user is on the Edit Customer page(Scenario: Edit Customer details)  Time elapsed: 0 sec  <<< ERROR!
java.lang.NullPointerException
	at org.openqa.selenium.support.pagefactory.DefaultElementLocator.findElement(DefaultElementLocator.java:69)
	at org.openqa.selenium.support.pagefactory.internal.LocatingElementHandler.invoke(LocatingElementHandler.java:38)
	at com.sun.proxy.$Proxy18.getText(Unknown Source)
	at com.TestWithMaven.EditCustomer._saveCustomerID(EditCustomer.java:170)
	at com.TestWithMaven.Annotation.editCustomer(Annotation.java:124)
	at ?.Given the user is on the Edit Customer page(2_Customer.feature:17)

Scenario: Edit Customer details  Time elapsed: 0 sec  <<< ERROR!
java.lang.NullPointerException
	at org.openqa.selenium.support.pagefactory.DefaultElementLocator.findElement(DefaultElementLocator.java:69)
	at org.openqa.selenium.support.pagefactory.internal.LocatingElementHandler.invoke(LocatingElementHandler.java:38)
	at com.sun.proxy.$Proxy18.getText(Unknown Source)
	at com.TestWithMaven.EditCustomer._saveCustomerID(EditCustomer.java:170)
	at com.TestWithMaven.Annotation.editCustomer(Annotation.java:124)
	at ?.Given the user is on the Edit Customer page(2_Customer.feature:17)

Given the browser has started on the right link(Scenario: Create and Edit Account)  Time elapsed: 0 sec  <<< ERROR!
java.lang.NullPointerException
	at com.TestWithMaven.Login._checkBrowser(Login.java:35)
	at com.TestWithMaven.Annotation.checkBrowser(Annotation.java:46)
	at ?.Given the browser has started on the right link(3_Account.feature:4)

Scenario: Create and Edit Account  Time elapsed: 0 sec  <<< ERROR!
java.lang.NullPointerException
	at com.TestWithMaven.Login._checkBrowser(Login.java:35)
	at com.TestWithMaven.Annotation.checkBrowser(Annotation.java:46)
	at ?.Given the browser has started on the right link(3_Account.feature:4)

Given the browser has started on the right link(Scenario: Deposit Cash in Accountt)  Time elapsed: 0 sec  <<< ERROR!
java.lang.NullPointerException
	at com.TestWithMaven.Login._checkBrowser(Login.java:35)
	at com.TestWithMaven.Annotation.checkBrowser(Annotation.java:46)
	at ?.Given the browser has started on the right link(3_Account.feature:12)

Scenario: Deposit Cash in Accountt  Time elapsed: 0 sec  <<< ERROR!
java.lang.NullPointerException
	at com.TestWithMaven.Login._checkBrowser(Login.java:35)
	at com.TestWithMaven.Annotation.checkBrowser(Annotation.java:46)
	at ?.Given the browser has started on the right link(3_Account.feature:12)

When the user opens Withdrawal page(Scenario: Withdraw Cash from Account)  Time elapsed: 0 sec  <<< ERROR!
java.lang.NullPointerException
	at org.openqa.selenium.support.pagefactory.DefaultElementLocator.findElement(DefaultElementLocator.java:69)
	at org.openqa.selenium.support.pagefactory.internal.LocatingElementHandler.invoke(LocatingElementHandler.java:38)
	at com.sun.proxy.$Proxy18.click(Unknown Source)
	at com.TestWithMaven.Withdraw._openWithdrawalPage(Withdraw.java:34)
	at com.TestWithMaven.Annotation._openWithdrawalPage(Annotation.java:238)
	at ?.When the user opens Withdrawal page(3_Account.feature:18)

Scenario: Withdraw Cash from Account  Time elapsed: 0 sec  <<< ERROR!
java.lang.NullPointerException
	at org.openqa.selenium.support.pagefactory.DefaultElementLocator.findElement(DefaultElementLocator.java:69)
	at org.openqa.selenium.support.pagefactory.internal.LocatingElementHandler.invoke(LocatingElementHandler.java:38)
	at com.sun.proxy.$Proxy18.click(Unknown Source)
	at com.TestWithMaven.Withdraw._openWithdrawalPage(Withdraw.java:34)
	at com.TestWithMaven.Annotation._openWithdrawalPage(Annotation.java:238)
	at ?.When the user opens Withdrawal page(3_Account.feature:18)

When the user opens Fund Transfer page(Scenario: Transfer Cash to different account)  Time elapsed: 0 sec  <<< ERROR!
java.lang.NullPointerException
	at org.openqa.selenium.support.pagefactory.DefaultElementLocator.findElement(DefaultElementLocator.java:69)
	at org.openqa.selenium.support.pagefactory.internal.LocatingElementHandler.invoke(LocatingElementHandler.java:38)
	at com.sun.proxy.$Proxy18.click(Unknown Source)
	at com.TestWithMaven.FundTransfer._openFundTransferPage(FundTransfer.java:39)
	at com.TestWithMaven.Annotation._openFundTranserPage(Annotation.java:256)
	at ?.When the user opens Fund Transfer page(3_Account.feature:22)

Scenario: Transfer Cash to different account  Time elapsed: 0 sec  <<< ERROR!
java.lang.NullPointerException
	at org.openqa.selenium.support.pagefactory.DefaultElementLocator.findElement(DefaultElementLocator.java:69)
	at org.openqa.selenium.support.pagefactory.internal.LocatingElementHandler.invoke(LocatingElementHandler.java:38)
	at com.sun.proxy.$Proxy18.click(Unknown Source)
	at com.TestWithMaven.FundTransfer._openFundTransferPage(FundTransfer.java:39)
	at com.TestWithMaven.Annotation._openFundTranserPage(Annotation.java:256)
	at ?.When the user opens Fund Transfer page(3_Account.feature:22)

When the user opens Balance Enquiry Page(Scenario: Check balance)  Time elapsed: 0 sec  <<< ERROR!
java.lang.NullPointerException
	at org.openqa.selenium.support.pagefactory.DefaultElementLocator.findElement(DefaultElementLocator.java:69)
	at org.openqa.selenium.support.pagefactory.internal.LocatingElementHandler.invoke(LocatingElementHandler.java:38)
	at com.sun.proxy.$Proxy18.click(Unknown Source)
	at com.TestWithMaven.BalanceEnquiry._openBalanceEnquiryPage(BalanceEnquiry.java:27)
	at com.TestWithMaven.Annotation._openBalanceEnquiry(Annotation.java:272)
	at ?.When the user opens Balance Enquiry Page(3_Account.feature:26)

Scenario: Check balance  Time elapsed: 0 sec  <<< ERROR!
java.lang.NullPointerException
	at org.openqa.selenium.support.pagefactory.DefaultElementLocator.findElement(DefaultElementLocator.java:69)
	at org.openqa.selenium.support.pagefactory.internal.LocatingElementHandler.invoke(LocatingElementHandler.java:38)
	at com.sun.proxy.$Proxy18.click(Unknown Source)
	at com.TestWithMaven.BalanceEnquiry._openBalanceEnquiryPage(BalanceEnquiry.java:27)
	at com.TestWithMaven.Annotation._openBalanceEnquiry(Annotation.java:272)
	at ?.When the user opens Balance Enquiry Page(3_Account.feature:26)

When the user opens Mini Statement(Scenario: View Mini Statement)  Time elapsed: 0 sec  <<< ERROR!
java.lang.NullPointerException
	at org.openqa.selenium.support.pagefactory.DefaultElementLocator.findElement(DefaultElementLocator.java:69)
	at org.openqa.selenium.support.pagefactory.internal.LocatingElementHandler.invoke(LocatingElementHandler.java:38)
	at com.sun.proxy.$Proxy18.click(Unknown Source)
	at com.TestWithMaven.MiniStatement._openMiniStatementPage(MiniStatement.java:27)
	at com.TestWithMaven.Annotation._openMiniEnquiry(Annotation.java:289)
	at ?.When the user opens Mini Statement(3_Account.feature:30)

Scenario: View Mini Statement  Time elapsed: 0 sec  <<< ERROR!
java.lang.NullPointerException
	at org.openqa.selenium.support.pagefactory.DefaultElementLocator.findElement(DefaultElementLocator.java:69)
	at org.openqa.selenium.support.pagefactory.internal.LocatingElementHandler.invoke(LocatingElementHandler.java:38)
	at com.sun.proxy.$Proxy18.click(Unknown Source)
	at com.TestWithMaven.MiniStatement._openMiniStatementPage(MiniStatement.java:27)
	at com.TestWithMaven.Annotation._openMiniEnquiry(Annotation.java:289)
	at ?.When the user opens Mini Statement(3_Account.feature:30)

com.TestWithMaven.RunTest  Time elapsed: 4.668 sec  <<< ERROR!
java.lang.NullPointerException
	at utils.BrowserFactory.closeBrowser(BrowserFactory.java:27)
	at com.TestWithMaven.RunTest.stop(RunTest.java:46)
	at sun.reflect.NativeMethodAccessorImpl.invoke0(Native Method)
	at sun.reflect.NativeMethodAccessorImpl.invoke(NativeMethodAccessorImpl.java:62)
	at sun.reflect.DelegatingMethodAccessorImpl.invoke(DelegatingMethodAccessorImpl.java:43)
	at java.lang.reflect.Method.invoke(Method.java:498)
	at org.junit.runners.model.FrameworkMethod$1.runReflectiveCall(FrameworkMethod.java:50)
	at org.junit.internal.runners.model.ReflectiveCallable.run(ReflectiveCallable.java:12)
	at org.junit.runners.model.FrameworkMethod.invokeExplosively(FrameworkMethod.java:47)
	at org.junit.internal.runners.statements.RunAfters.evaluate(RunAfters.java:33)
	at org.junit.runners.ParentRunner.run(ParentRunner.java:363)
	at cucumber.api.junit.Cucumber.run(Cucumber.java:100)
	at org.apache.maven.surefire.junit4.JUnit4Provider.execute(JUnit4Provider.java:252)
	at org.apache.maven.surefire.junit4.JUnit4Provider.executeTestSet(JUnit4Provider.java:141)
	at org.apache.maven.surefire.junit4.JUnit4Provider.invoke(JUnit4Provider.java:112)
	at sun.reflect.NativeMethodAccessorImpl.invoke0(Native Method)
	at sun.reflect.NativeMethodAccessorImpl.invoke(NativeMethodAccessorImpl.java:62)
	at sun.reflect.DelegatingMethodAccessorImpl.invoke(DelegatingMethodAccessorImpl.java:43)
	at java.lang.reflect.Method.invoke(Method.java:498)
	at org.apache.maven.surefire.util.ReflectionUtils.invokeMethodWithArray(ReflectionUtils.java:189)
	at org.apache.maven.surefire.booter.ProviderFactory$ProviderProxy.invoke(ProviderFactory.java:165)
	at org.apache.maven.surefire.booter.ProviderFactory.invokeProvider(ProviderFactory.java:85)
	at org.apache.maven.surefire.booter.ForkedBooter.runSuitesInProcess(ForkedBooter.java:115)
	at org.apache.maven.surefire.booter.ForkedBooter.main(ForkedBooter.java:75)

