[
  {
    "line": 1,
    "elements": [
      {
        "line": 2,
        "name": "Valid Login",
        "description": "",
        "id": "manager-login;valid-login",
        "type": "scenario",
        "keyword": "Scenario",
        "steps": [
          {
            "result": {
              "duration": 602285988,
              "status": "passed"
            },
            "line": 3,
            "name": "the browser has started on the right link",
            "match": {
              "location": "Annotation.checkBrowser()"
            },
            "keyword": "Given "
          },
          {
            "result": {
              "duration": 3371664509,
              "status": "passed"
            },
            "line": 4,
            "name": "the user enters \"mngr112006\" and \"upYvezA\"",
            "match": {
              "arguments": [
                {
                  "val": "mngr112006",
                  "offset": 17
                },
                {
                  "val": "upYvezA",
                  "offset": 34
                }
              ],
              "location": "Annotation.login(String,String)"
            },
            "keyword": "When "
          },
          {
            "result": {
              "duration": 1370623350,
              "status": "passed"
            },
            "line": 5,
            "name": "\"mngr112006\" is displayed on Manager page",
            "match": {
              "arguments": [
                {
                  "val": "mngr112006",
                  "offset": 1
                }
              ],
              "location": "Annotation.verifyLogin(String)"
            },
            "keyword": "Then "
          }
        ]
      }
    ],
    "name": "Manager Login",
    "description": "",
    "id": "manager-login",
    "keyword": "Feature",
    "uri": "1_Login.feature"
  },
  {
    "line": 1,
    "elements": [
      {
        "line": 4,
        "name": "Open New Customer page",
        "description": "",
        "id": "bank-customer;open-new-customer-page",
        "type": "scenario",
        "keyword": "Scenario",
        "steps": [
          {
            "result": {
              "duration": 1336537650,
              "status": "passed"
            },
            "line": 5,
            "name": "the browser has started on the right link",
            "match": {
              "location": "Annotation.checkBrowser()"
            },
            "keyword": "Given "
          },
          {
            "result": {
              "duration": 1822973693,
              "status": "passed"
            },
            "line": 6,
            "name": "the user enters \"mngr112006\" and \"upYvezA\"",
            "match": {
              "arguments": [
                {
                  "val": "mngr112006",
                  "offset": 17
                },
                {
                  "val": "upYvezA",
                  "offset": 34
                }
              ],
              "location": "Annotation.login(String,String)"
            },
            "keyword": "When "
          },
          {
            "result": {
              "duration": 110576108,
              "status": "passed"
            },
            "line": 7,
            "name": "the user lands on Welcome page",
            "match": {
              "location": "Annotation.verifyManager()"
            },
            "keyword": "Then "
          },
          {
            "result": {
              "duration": 778223621,
              "status": "passed"
            },
            "line": 8,
            "name": "selects New Customer page",
            "match": {
              "location": "Annotation.newCustomer()"
            },
            "keyword": "And "
          }
        ]
      },
      {
        "line": 10,
        "name": "Create a new Customer",
        "description": "",
        "id": "bank-customer;create-a-new-customer",
        "type": "scenario",
        "keyword": "Scenario",
        "steps": [
          {
            "result": {
              "duration": 170773651,
              "status": "passed"
            },
            "line": 11,
            "name": "the user is on the New Customer page",
            "match": {
              "location": "Annotation.verifyNewCustomerPage()"
            },
            "keyword": "Given "
          },
          {
            "result": {
              "duration": 3329625859,
              "error_message": "org.openqa.selenium.UnhandledAlertException: unexpected alert open: {Alert text : please fill all fields}\n  (Session info: chrome\u003d60.0.3112.113)\n  (Driver info: chromedriver\u003d2.32.498550 (9dec58e66c31bcc53a9ce3c7226f0c1c5810906a),platform\u003dWindows NT 6.1.7601 SP1 x86_64) (WARNING: The server did not provide any stacktrace information)\nCommand duration or timeout: 0 milliseconds: null\nBuild info: version: \u00273.5.3\u0027, revision: \u0027a88d25fe6b\u0027, time: \u00272017-08-29T12:42:44.417Z\u0027\nSystem info: host: \u0027NBHQW9M12\u0027, ip: \u0027192.168.8.101\u0027, os.name: \u0027Windows 7\u0027, os.arch: \u0027amd64\u0027, os.version: \u00276.1\u0027, java.version: \u00271.8.0_161\u0027\nDriver info: org.openqa.selenium.chrome.ChromeDriver\nCapabilities [{mobileEmulationEnabled\u003dfalse, hasTouchScreen\u003dfalse, platform\u003dXP, acceptSslCerts\u003dtrue, webStorageEnabled\u003dtrue, browserName\u003dchrome, takesScreenshot\u003dtrue, javascriptEnabled\u003dtrue, platformName\u003dXP, setWindowRect\u003dtrue, unexpectedAlertBehaviour\u003d, applicationCacheEnabled\u003dfalse, rotatable\u003dfalse, networkConnectionEnabled\u003dfalse, chrome\u003d{chromedriverVersion\u003d2.32.498550 (9dec58e66c31bcc53a9ce3c7226f0c1c5810906a), userDataDir\u003dC:\\Users\\ALMAKH~1\\AppData\\Local\\Temp\\scoped_dir10712_2846}, takesHeapSnapshot\u003dtrue, pageLoadStrategy\u003dnormal, unhandledPromptBehavior\u003d, databaseEnabled\u003dfalse, handlesAlerts\u003dtrue, version\u003d60.0.3112.113, browserConnectionEnabled\u003dfalse, nativeEvents\u003dtrue, locationContextEnabled\u003dtrue, cssSelectorsEnabled\u003dtrue}]\nSession ID: f872917878e63c48244c52e9c7e00afa\n*** Element info: {Using\u003dcss selector, value\u003d#customer \u003e tbody:nth-child(1) \u003e tr:nth-child(4) \u003e td:nth-child(2)}\r\n\tat sun.reflect.NativeConstructorAccessorImpl.newInstance0(Native Method)\r\n\tat sun.reflect.NativeConstructorAccessorImpl.newInstance(NativeConstructorAccessorImpl.java:62)\r\n\tat sun.reflect.DelegatingConstructorAccessorImpl.newInstance(DelegatingConstructorAccessorImpl.java:45)\r\n\tat java.lang.reflect.Constructor.newInstance(Constructor.java:423)\r\n\tat org.openqa.selenium.remote.ErrorHandler.createThrowable(ErrorHandler.java:215)\r\n\tat org.openqa.selenium.remote.ErrorHandler.throwIfResponseFailed(ErrorHandler.java:173)\r\n\tat org.openqa.selenium.remote.http.JsonHttpResponseCodec.reconstructValue(JsonHttpResponseCodec.java:40)\r\n\tat org.openqa.selenium.remote.http.AbstractHttpResponseCodec.decode(AbstractHttpResponseCodec.java:82)\r\n\tat org.openqa.selenium.remote.http.AbstractHttpResponseCodec.decode(AbstractHttpResponseCodec.java:45)\r\n\tat org.openqa.selenium.remote.HttpCommandExecutor.execute(HttpCommandExecutor.java:164)\r\n\tat org.openqa.selenium.remote.service.DriverCommandExecutor.execute(DriverCommandExecutor.java:82)\r\n\tat org.openqa.selenium.remote.RemoteWebDriver.execute(RemoteWebDriver.java:646)\r\n\tat org.openqa.selenium.remote.RemoteWebDriver.findElement(RemoteWebDriver.java:416)\r\n\tat org.openqa.selenium.remote.RemoteWebDriver.findElementByCssSelector(RemoteWebDriver.java:510)\r\n\tat org.openqa.selenium.By$ByCssSelector.findElement(By.java:430)\r\n\tat org.openqa.selenium.remote.RemoteWebDriver.findElement(RemoteWebDriver.java:408)\r\n\tat org.openqa.selenium.support.pagefactory.DefaultElementLocator.findElement(DefaultElementLocator.java:69)\r\n\tat org.openqa.selenium.support.pagefactory.internal.LocatingElementHandler.invoke(LocatingElementHandler.java:38)\r\n\tat com.sun.proxy.$Proxy18.getText(Unknown Source)\r\n\tat com.TestWithMaven.NewCustomer._saveCustomerID(NewCustomer.java:146)\r\n\tat com.TestWithMaven.Annotation.addCustomerDetails(Annotation.java:105)\r\n\tat ✽.When the user enters customer details(2_Customer.feature:12)\r\n",
              "status": "failed"
            },
            "line": 12,
            "name": "the user enters customer details",
            "match": {
              "location": "Annotation.addCustomerDetails(DataTable)"
            },
            "rows": [
              {
                "cells": [
                  "Alex",
                  "f",
                  "15/09/1956",
                  "Mercury",
                  "CapeTown",
                  "Western Cape",
                  "456556",
                  "1581581581",
                  "alex@automytest.com",
                  "pa55word"
                ],
                "line": 13
              }
            ],
            "keyword": "When "
          },
          {
            "result": {
              "status": "skipped"
            },
            "line": 14,
            "name": "customer is created successfully",
            "match": {
              "location": "Annotation.validateNewCustomer()"
            },
            "keyword": "Then "
          }
        ]
      },
      {
        "line": 16,
        "name": "Edit Customer details",
        "description": "",
        "id": "bank-customer;edit-customer-details",
        "type": "scenario",
        "keyword": "Scenario",
        "steps": [
          {
            "result": {
              "duration": 34713284,
              "error_message": "org.openqa.selenium.UnhandledAlertException: unexpected alert open: {Alert text : please fill all fields}\n  (Session info: chrome\u003d60.0.3112.113)\n  (Driver info: chromedriver\u003d2.32.498550 (9dec58e66c31bcc53a9ce3c7226f0c1c5810906a),platform\u003dWindows NT 6.1.7601 SP1 x86_64) (WARNING: The server did not provide any stacktrace information)\nCommand duration or timeout: 0 milliseconds: null\nBuild info: version: \u00273.5.3\u0027, revision: \u0027a88d25fe6b\u0027, time: \u00272017-08-29T12:42:44.417Z\u0027\nSystem info: host: \u0027NBHQW9M12\u0027, ip: \u0027192.168.8.101\u0027, os.name: \u0027Windows 7\u0027, os.arch: \u0027amd64\u0027, os.version: \u00276.1\u0027, java.version: \u00271.8.0_161\u0027\nDriver info: org.openqa.selenium.chrome.ChromeDriver\nCapabilities [{mobileEmulationEnabled\u003dfalse, hasTouchScreen\u003dfalse, platform\u003dXP, acceptSslCerts\u003dtrue, webStorageEnabled\u003dtrue, browserName\u003dchrome, takesScreenshot\u003dtrue, javascriptEnabled\u003dtrue, platformName\u003dXP, setWindowRect\u003dtrue, unexpectedAlertBehaviour\u003d, applicationCacheEnabled\u003dfalse, rotatable\u003dfalse, networkConnectionEnabled\u003dfalse, chrome\u003d{chromedriverVersion\u003d2.32.498550 (9dec58e66c31bcc53a9ce3c7226f0c1c5810906a), userDataDir\u003dC:\\Users\\ALMAKH~1\\AppData\\Local\\Temp\\scoped_dir10712_2846}, takesHeapSnapshot\u003dtrue, pageLoadStrategy\u003dnormal, unhandledPromptBehavior\u003d, databaseEnabled\u003dfalse, handlesAlerts\u003dtrue, version\u003d60.0.3112.113, browserConnectionEnabled\u003dfalse, nativeEvents\u003dtrue, locationContextEnabled\u003dtrue, cssSelectorsEnabled\u003dtrue}]\nSession ID: f872917878e63c48244c52e9c7e00afa\n*** Element info: {Using\u003dcss selector, value\u003d#customer \u003e tbody:nth-child(1) \u003e tr:nth-child(4) \u003e td:nth-child(2)}\r\n\tat sun.reflect.NativeConstructorAccessorImpl.newInstance0(Native Method)\r\n\tat sun.reflect.NativeConstructorAccessorImpl.newInstance(NativeConstructorAccessorImpl.java:62)\r\n\tat sun.reflect.DelegatingConstructorAccessorImpl.newInstance(DelegatingConstructorAccessorImpl.java:45)\r\n\tat java.lang.reflect.Constructor.newInstance(Constructor.java:423)\r\n\tat org.openqa.selenium.remote.ErrorHandler.createThrowable(ErrorHandler.java:215)\r\n\tat org.openqa.selenium.remote.ErrorHandler.throwIfResponseFailed(ErrorHandler.java:173)\r\n\tat org.openqa.selenium.remote.http.JsonHttpResponseCodec.reconstructValue(JsonHttpResponseCodec.java:40)\r\n\tat org.openqa.selenium.remote.http.AbstractHttpResponseCodec.decode(AbstractHttpResponseCodec.java:82)\r\n\tat org.openqa.selenium.remote.http.AbstractHttpResponseCodec.decode(AbstractHttpResponseCodec.java:45)\r\n\tat org.openqa.selenium.remote.HttpCommandExecutor.execute(HttpCommandExecutor.java:164)\r\n\tat org.openqa.selenium.remote.service.DriverCommandExecutor.execute(DriverCommandExecutor.java:82)\r\n\tat org.openqa.selenium.remote.RemoteWebDriver.execute(RemoteWebDriver.java:646)\r\n\tat org.openqa.selenium.remote.RemoteWebDriver.findElement(RemoteWebDriver.java:416)\r\n\tat org.openqa.selenium.remote.RemoteWebDriver.findElementByCssSelector(RemoteWebDriver.java:510)\r\n\tat org.openqa.selenium.By$ByCssSelector.findElement(By.java:430)\r\n\tat org.openqa.selenium.remote.RemoteWebDriver.findElement(RemoteWebDriver.java:408)\r\n\tat org.openqa.selenium.support.pagefactory.DefaultElementLocator.findElement(DefaultElementLocator.java:69)\r\n\tat org.openqa.selenium.support.pagefactory.internal.LocatingElementHandler.invoke(LocatingElementHandler.java:38)\r\n\tat com.sun.proxy.$Proxy18.getText(Unknown Source)\r\n\tat com.TestWithMaven.EditCustomer._saveCustomerID(EditCustomer.java:170)\r\n\tat com.TestWithMaven.Annotation.editCustomer(Annotation.java:124)\r\n\tat ✽.Given the user is on the Edit Customer page(2_Customer.feature:17)\r\n",
              "status": "failed"
            },
            "line": 17,
            "name": "the user is on the Edit Customer page",
            "match": {
              "location": "Annotation.editCustomer()"
            },
            "keyword": "Given "
          },
          {
            "result": {
              "status": "skipped"
            },
            "line": 18,
            "name": "the user searches for customer and edits details",
            "match": {
              "location": "Annotation.editCustomerDetails(DataTable)"
            },
            "rows": [
              {
                "cells": [
                  "Bellville",
                  "CapeTown",
                  "Western Cape",
                  "456556",
                  "1581581581",
                  "alex@automytest.com"
                ],
                "line": 19
              }
            ],
            "keyword": "When "
          },
          {
            "result": {
              "status": "skipped"
            },
            "line": 20,
            "name": "customer details are edited",
            "match": {
              "location": "Annotation._validateCustEdit()"
            },
            "keyword": "Then "
          }
        ]
      }
    ],
    "name": "Bank Customer",
    "description": "A bank manager should be able to create new customer and edit customer details",
    "id": "bank-customer",
    "keyword": "Feature",
    "uri": "2_Customer.feature"
  },
  {
    "line": 1,
    "elements": [
      {
        "line": 3,
        "name": "Create and Edit Account",
        "description": "",
        "id": "bank-account;create-and-edit-account",
        "type": "scenario",
        "keyword": "Scenario",
        "steps": [
          {
            "result": {
              "duration": 41596565,
              "error_message": "org.openqa.selenium.UnhandledAlertException: unexpected alert open: {Alert text : please fill all fields}\n  (Session info: chrome\u003d60.0.3112.113)\n  (Driver info: chromedriver\u003d2.32.498550 (9dec58e66c31bcc53a9ce3c7226f0c1c5810906a),platform\u003dWindows NT 6.1.7601 SP1 x86_64) (WARNING: The server did not provide any stacktrace information)\nCommand duration or timeout: 0 milliseconds: null\nBuild info: version: \u00273.5.3\u0027, revision: \u0027a88d25fe6b\u0027, time: \u00272017-08-29T12:42:44.417Z\u0027\nSystem info: host: \u0027NBHQW9M12\u0027, ip: \u0027192.168.8.101\u0027, os.name: \u0027Windows 7\u0027, os.arch: \u0027amd64\u0027, os.version: \u00276.1\u0027, java.version: \u00271.8.0_161\u0027\nDriver info: org.openqa.selenium.chrome.ChromeDriver\nCapabilities [{mobileEmulationEnabled\u003dfalse, hasTouchScreen\u003dfalse, platform\u003dXP, acceptSslCerts\u003dtrue, webStorageEnabled\u003dtrue, browserName\u003dchrome, takesScreenshot\u003dtrue, javascriptEnabled\u003dtrue, platformName\u003dXP, setWindowRect\u003dtrue, unexpectedAlertBehaviour\u003d, applicationCacheEnabled\u003dfalse, rotatable\u003dfalse, networkConnectionEnabled\u003dfalse, chrome\u003d{chromedriverVersion\u003d2.32.498550 (9dec58e66c31bcc53a9ce3c7226f0c1c5810906a), userDataDir\u003dC:\\Users\\ALMAKH~1\\AppData\\Local\\Temp\\scoped_dir10712_2846}, takesHeapSnapshot\u003dtrue, pageLoadStrategy\u003dnormal, unhandledPromptBehavior\u003d, databaseEnabled\u003dfalse, handlesAlerts\u003dtrue, version\u003d60.0.3112.113, browserConnectionEnabled\u003dfalse, nativeEvents\u003dtrue, locationContextEnabled\u003dtrue, cssSelectorsEnabled\u003dtrue}]\nSession ID: f872917878e63c48244c52e9c7e00afa\r\n\tat sun.reflect.NativeConstructorAccessorImpl.newInstance0(Native Method)\r\n\tat sun.reflect.NativeConstructorAccessorImpl.newInstance(NativeConstructorAccessorImpl.java:62)\r\n\tat sun.reflect.DelegatingConstructorAccessorImpl.newInstance(DelegatingConstructorAccessorImpl.java:45)\r\n\tat java.lang.reflect.Constructor.newInstance(Constructor.java:423)\r\n\tat org.openqa.selenium.remote.ErrorHandler.createThrowable(ErrorHandler.java:215)\r\n\tat org.openqa.selenium.remote.ErrorHandler.throwIfResponseFailed(ErrorHandler.java:173)\r\n\tat org.openqa.selenium.remote.http.JsonHttpResponseCodec.reconstructValue(JsonHttpResponseCodec.java:40)\r\n\tat org.openqa.selenium.remote.http.AbstractHttpResponseCodec.decode(AbstractHttpResponseCodec.java:82)\r\n\tat org.openqa.selenium.remote.http.AbstractHttpResponseCodec.decode(AbstractHttpResponseCodec.java:45)\r\n\tat org.openqa.selenium.remote.HttpCommandExecutor.execute(HttpCommandExecutor.java:164)\r\n\tat org.openqa.selenium.remote.service.DriverCommandExecutor.execute(DriverCommandExecutor.java:82)\r\n\tat org.openqa.selenium.remote.RemoteWebDriver.execute(RemoteWebDriver.java:646)\r\n\tat org.openqa.selenium.remote.RemoteWebDriver.execute(RemoteWebDriver.java:703)\r\n\tat org.openqa.selenium.remote.RemoteWebDriver.getCurrentUrl(RemoteWebDriver.java:380)\r\n\tat com.TestWithMaven.Login._checkBrowser(Login.java:35)\r\n\tat com.TestWithMaven.Annotation.checkBrowser(Annotation.java:46)\r\n\tat ✽.Given the browser has started on the right link(3_Account.feature:4)\r\n",
              "status": "failed"
            },
            "line": 4,
            "name": "the browser has started on the right link",
            "match": {
              "location": "Annotation.checkBrowser()"
            },
            "keyword": "Given "
          },
          {
            "result": {
              "status": "skipped"
            },
            "line": 5,
            "name": "the user enters \"mngr112006\" and \"upYvezA\"",
            "match": {
              "arguments": [
                {
                  "val": "mngr112006",
                  "offset": 17
                },
                {
                  "val": "upYvezA",
                  "offset": 34
                }
              ],
              "location": "Annotation.login(String,String)"
            },
            "keyword": "When "
          },
          {
            "result": {
              "status": "skipped"
            },
            "line": 6,
            "name": "the user opens new Account page",
            "match": {
              "location": "Annotation._openNewAccountPage()"
            },
            "keyword": "Then "
          },
          {
            "result": {
              "status": "skipped"
            },
            "line": 7,
            "name": "creates \"Current\" account and deposits \"500\"",
            "match": {
              "arguments": [
                {
                  "val": "Current",
                  "offset": 9
                },
                {
                  "val": "500",
                  "offset": 40
                }
              ],
              "location": "Annotation._createAccount(String,String)"
            },
            "keyword": "And "
          },
          {
            "result": {
              "status": "skipped"
            },
            "line": 8,
            "name": "opens edit Account page",
            "match": {
              "location": "Annotation._openEditAccountPage()"
            },
            "keyword": "And "
          },
          {
            "result": {
              "status": "skipped"
            },
            "line": 9,
            "name": "Changes Bank Account Type to \"Savings\"",
            "match": {
              "arguments": [
                {
                  "val": "Savings",
                  "offset": 30
                }
              ],
              "location": "Annotation._editBankAccount(String)"
            },
            "keyword": "And "
          }
        ]
      },
      {
        "line": 11,
        "name": "Deposit Cash in Accountt",
        "description": "",
        "id": "bank-account;deposit-cash-in-accountt",
        "type": "scenario",
        "keyword": "Scenario",
        "steps": [
          {
            "result": {
              "duration": 13129475,
              "error_message": "org.openqa.selenium.UnhandledAlertException: unexpected alert open: {Alert text : please fill all fields}\n  (Session info: chrome\u003d60.0.3112.113)\n  (Driver info: chromedriver\u003d2.32.498550 (9dec58e66c31bcc53a9ce3c7226f0c1c5810906a),platform\u003dWindows NT 6.1.7601 SP1 x86_64) (WARNING: The server did not provide any stacktrace information)\nCommand duration or timeout: 0 milliseconds: null\nBuild info: version: \u00273.5.3\u0027, revision: \u0027a88d25fe6b\u0027, time: \u00272017-08-29T12:42:44.417Z\u0027\nSystem info: host: \u0027NBHQW9M12\u0027, ip: \u0027192.168.8.101\u0027, os.name: \u0027Windows 7\u0027, os.arch: \u0027amd64\u0027, os.version: \u00276.1\u0027, java.version: \u00271.8.0_161\u0027\nDriver info: org.openqa.selenium.chrome.ChromeDriver\nCapabilities [{mobileEmulationEnabled\u003dfalse, hasTouchScreen\u003dfalse, platform\u003dXP, acceptSslCerts\u003dtrue, webStorageEnabled\u003dtrue, browserName\u003dchrome, takesScreenshot\u003dtrue, javascriptEnabled\u003dtrue, platformName\u003dXP, setWindowRect\u003dtrue, unexpectedAlertBehaviour\u003d, applicationCacheEnabled\u003dfalse, rotatable\u003dfalse, networkConnectionEnabled\u003dfalse, chrome\u003d{chromedriverVersion\u003d2.32.498550 (9dec58e66c31bcc53a9ce3c7226f0c1c5810906a), userDataDir\u003dC:\\Users\\ALMAKH~1\\AppData\\Local\\Temp\\scoped_dir10712_2846}, takesHeapSnapshot\u003dtrue, pageLoadStrategy\u003dnormal, unhandledPromptBehavior\u003d, databaseEnabled\u003dfalse, handlesAlerts\u003dtrue, version\u003d60.0.3112.113, browserConnectionEnabled\u003dfalse, nativeEvents\u003dtrue, locationContextEnabled\u003dtrue, cssSelectorsEnabled\u003dtrue}]\nSession ID: f872917878e63c48244c52e9c7e00afa\r\n\tat sun.reflect.NativeConstructorAccessorImpl.newInstance0(Native Method)\r\n\tat sun.reflect.NativeConstructorAccessorImpl.newInstance(NativeConstructorAccessorImpl.java:62)\r\n\tat sun.reflect.DelegatingConstructorAccessorImpl.newInstance(DelegatingConstructorAccessorImpl.java:45)\r\n\tat java.lang.reflect.Constructor.newInstance(Constructor.java:423)\r\n\tat org.openqa.selenium.remote.ErrorHandler.createThrowable(ErrorHandler.java:215)\r\n\tat org.openqa.selenium.remote.ErrorHandler.throwIfResponseFailed(ErrorHandler.java:173)\r\n\tat org.openqa.selenium.remote.http.JsonHttpResponseCodec.reconstructValue(JsonHttpResponseCodec.java:40)\r\n\tat org.openqa.selenium.remote.http.AbstractHttpResponseCodec.decode(AbstractHttpResponseCodec.java:82)\r\n\tat org.openqa.selenium.remote.http.AbstractHttpResponseCodec.decode(AbstractHttpResponseCodec.java:45)\r\n\tat org.openqa.selenium.remote.HttpCommandExecutor.execute(HttpCommandExecutor.java:164)\r\n\tat org.openqa.selenium.remote.service.DriverCommandExecutor.execute(DriverCommandExecutor.java:82)\r\n\tat org.openqa.selenium.remote.RemoteWebDriver.execute(RemoteWebDriver.java:646)\r\n\tat org.openqa.selenium.remote.RemoteWebDriver.execute(RemoteWebDriver.java:703)\r\n\tat org.openqa.selenium.remote.RemoteWebDriver.getCurrentUrl(RemoteWebDriver.java:380)\r\n\tat com.TestWithMaven.Login._checkBrowser(Login.java:35)\r\n\tat com.TestWithMaven.Annotation.checkBrowser(Annotation.java:46)\r\n\tat ✽.Given the browser has started on the right link(3_Account.feature:12)\r\n",
              "status": "failed"
            },
            "line": 12,
            "name": "the browser has started on the right link",
            "match": {
              "location": "Annotation.checkBrowser()"
            },
            "keyword": "Given "
          },
          {
            "result": {
              "status": "skipped"
            },
            "line": 13,
            "name": "the user enters \"mngr112006\" and \"upYvezA\"",
            "match": {
              "arguments": [
                {
                  "val": "mngr112006",
                  "offset": 17
                },
                {
                  "val": "upYvezA",
                  "offset": 34
                }
              ],
              "location": "Annotation.login(String,String)"
            },
            "keyword": "When "
          },
          {
            "result": {
              "status": "skipped"
            },
            "line": 14,
            "name": "the user opens Deposit page",
            "match": {
              "location": "Annotation._openDepositPage()"
            },
            "keyword": "Then "
          },
          {
            "result": {
              "status": "skipped"
            },
            "line": 15,
            "name": "deposits \"500\" into new \"BankAccount\"",
            "match": {
              "arguments": [
                {
                  "val": "500",
                  "offset": 10
                },
                {
                  "val": "BankAccount",
                  "offset": 25
                }
              ],
              "location": "Annotation._depositCash(String,String)"
            },
            "keyword": "And "
          }
        ]
      },
      {
        "line": 17,
        "name": "Withdraw Cash from Account",
        "description": "",
        "id": "bank-account;withdraw-cash-from-account",
        "type": "scenario",
        "keyword": "Scenario",
        "steps": [
          {
            "result": {
              "duration": 81586348,
              "error_message": "org.openqa.selenium.UnhandledAlertException: unexpected alert open: {Alert text : please fill all fields}\n  (Session info: chrome\u003d60.0.3112.113)\n  (Driver info: chromedriver\u003d2.32.498550 (9dec58e66c31bcc53a9ce3c7226f0c1c5810906a),platform\u003dWindows NT 6.1.7601 SP1 x86_64) (WARNING: The server did not provide any stacktrace information)\nCommand duration or timeout: 0 milliseconds: null\nBuild info: version: \u00273.5.3\u0027, revision: \u0027a88d25fe6b\u0027, time: \u00272017-08-29T12:42:44.417Z\u0027\nSystem info: host: \u0027NBHQW9M12\u0027, ip: \u0027192.168.8.101\u0027, os.name: \u0027Windows 7\u0027, os.arch: \u0027amd64\u0027, os.version: \u00276.1\u0027, java.version: \u00271.8.0_161\u0027\nDriver info: org.openqa.selenium.chrome.ChromeDriver\nCapabilities [{mobileEmulationEnabled\u003dfalse, hasTouchScreen\u003dfalse, platform\u003dXP, acceptSslCerts\u003dtrue, webStorageEnabled\u003dtrue, browserName\u003dchrome, takesScreenshot\u003dtrue, javascriptEnabled\u003dtrue, platformName\u003dXP, setWindowRect\u003dtrue, unexpectedAlertBehaviour\u003d, applicationCacheEnabled\u003dfalse, rotatable\u003dfalse, networkConnectionEnabled\u003dfalse, chrome\u003d{chromedriverVersion\u003d2.32.498550 (9dec58e66c31bcc53a9ce3c7226f0c1c5810906a), userDataDir\u003dC:\\Users\\ALMAKH~1\\AppData\\Local\\Temp\\scoped_dir10712_2846}, takesHeapSnapshot\u003dtrue, pageLoadStrategy\u003dnormal, unhandledPromptBehavior\u003d, databaseEnabled\u003dfalse, handlesAlerts\u003dtrue, version\u003d60.0.3112.113, browserConnectionEnabled\u003dfalse, nativeEvents\u003dtrue, locationContextEnabled\u003dtrue, cssSelectorsEnabled\u003dtrue}]\nSession ID: f872917878e63c48244c52e9c7e00afa\n*** Element info: {Using\u003dlink text, value\u003dWithdrawal}\r\n\tat sun.reflect.NativeConstructorAccessorImpl.newInstance0(Native Method)\r\n\tat sun.reflect.NativeConstructorAccessorImpl.newInstance(NativeConstructorAccessorImpl.java:62)\r\n\tat sun.reflect.DelegatingConstructorAccessorImpl.newInstance(DelegatingConstructorAccessorImpl.java:45)\r\n\tat java.lang.reflect.Constructor.newInstance(Constructor.java:423)\r\n\tat org.openqa.selenium.remote.ErrorHandler.createThrowable(ErrorHandler.java:215)\r\n\tat org.openqa.selenium.remote.ErrorHandler.throwIfResponseFailed(ErrorHandler.java:173)\r\n\tat org.openqa.selenium.remote.http.JsonHttpResponseCodec.reconstructValue(JsonHttpResponseCodec.java:40)\r\n\tat org.openqa.selenium.remote.http.AbstractHttpResponseCodec.decode(AbstractHttpResponseCodec.java:82)\r\n\tat org.openqa.selenium.remote.http.AbstractHttpResponseCodec.decode(AbstractHttpResponseCodec.java:45)\r\n\tat org.openqa.selenium.remote.HttpCommandExecutor.execute(HttpCommandExecutor.java:164)\r\n\tat org.openqa.selenium.remote.service.DriverCommandExecutor.execute(DriverCommandExecutor.java:82)\r\n\tat org.openqa.selenium.remote.RemoteWebDriver.execute(RemoteWebDriver.java:646)\r\n\tat org.openqa.selenium.remote.RemoteWebDriver.findElement(RemoteWebDriver.java:416)\r\n\tat org.openqa.selenium.remote.RemoteWebDriver.findElementByLinkText(RemoteWebDriver.java:470)\r\n\tat org.openqa.selenium.By$ByLinkText.findElement(By.java:246)\r\n\tat org.openqa.selenium.remote.RemoteWebDriver.findElement(RemoteWebDriver.java:408)\r\n\tat org.openqa.selenium.support.pagefactory.DefaultElementLocator.findElement(DefaultElementLocator.java:69)\r\n\tat org.openqa.selenium.support.pagefactory.internal.LocatingElementHandler.invoke(LocatingElementHandler.java:38)\r\n\tat com.sun.proxy.$Proxy18.click(Unknown Source)\r\n\tat com.TestWithMaven.Withdraw._openWithdrawalPage(Withdraw.java:34)\r\n\tat com.TestWithMaven.Annotation._openWithdrawalPage(Annotation.java:238)\r\n\tat ✽.When the user opens Withdrawal page(3_Account.feature:18)\r\n",
              "status": "failed"
            },
            "line": 18,
            "name": "the user opens Withdrawal page",
            "match": {
              "location": "Annotation._openWithdrawalPage()"
            },
            "keyword": "When "
          },
          {
            "result": {
              "status": "skipped"
            },
            "line": 19,
            "name": "the user withdraws \"200\" from Bank Account for \"Petrol\"",
            "match": {
              "arguments": [
                {
                  "val": "200",
                  "offset": 20
                },
                {
                  "val": "Petrol",
                  "offset": 48
                }
              ],
              "location": "Annotation._withdrawCash(String,String)"
            },
            "keyword": "Then "
          }
        ]
      },
      {
        "line": 21,
        "name": "Transfer Cash to different account",
        "description": "",
        "id": "bank-account;transfer-cash-to-different-account",
        "type": "scenario",
        "keyword": "Scenario",
        "steps": [
          {
            "result": {
              "duration": 54884932,
              "error_message": "org.openqa.selenium.UnhandledAlertException: unexpected alert open: {Alert text : please fill all fields}\n  (Session info: chrome\u003d60.0.3112.113)\n  (Driver info: chromedriver\u003d2.32.498550 (9dec58e66c31bcc53a9ce3c7226f0c1c5810906a),platform\u003dWindows NT 6.1.7601 SP1 x86_64) (WARNING: The server did not provide any stacktrace information)\nCommand duration or timeout: 0 milliseconds: null\nBuild info: version: \u00273.5.3\u0027, revision: \u0027a88d25fe6b\u0027, time: \u00272017-08-29T12:42:44.417Z\u0027\nSystem info: host: \u0027NBHQW9M12\u0027, ip: \u0027192.168.8.101\u0027, os.name: \u0027Windows 7\u0027, os.arch: \u0027amd64\u0027, os.version: \u00276.1\u0027, java.version: \u00271.8.0_161\u0027\nDriver info: org.openqa.selenium.chrome.ChromeDriver\nCapabilities [{mobileEmulationEnabled\u003dfalse, hasTouchScreen\u003dfalse, platform\u003dXP, acceptSslCerts\u003dtrue, webStorageEnabled\u003dtrue, browserName\u003dchrome, takesScreenshot\u003dtrue, javascriptEnabled\u003dtrue, platformName\u003dXP, setWindowRect\u003dtrue, unexpectedAlertBehaviour\u003d, applicationCacheEnabled\u003dfalse, rotatable\u003dfalse, networkConnectionEnabled\u003dfalse, chrome\u003d{chromedriverVersion\u003d2.32.498550 (9dec58e66c31bcc53a9ce3c7226f0c1c5810906a), userDataDir\u003dC:\\Users\\ALMAKH~1\\AppData\\Local\\Temp\\scoped_dir10712_2846}, takesHeapSnapshot\u003dtrue, pageLoadStrategy\u003dnormal, unhandledPromptBehavior\u003d, databaseEnabled\u003dfalse, handlesAlerts\u003dtrue, version\u003d60.0.3112.113, browserConnectionEnabled\u003dfalse, nativeEvents\u003dtrue, locationContextEnabled\u003dtrue, cssSelectorsEnabled\u003dtrue}]\nSession ID: f872917878e63c48244c52e9c7e00afa\n*** Element info: {Using\u003dlink text, value\u003dFund Transfer}\r\n\tat sun.reflect.NativeConstructorAccessorImpl.newInstance0(Native Method)\r\n\tat sun.reflect.NativeConstructorAccessorImpl.newInstance(NativeConstructorAccessorImpl.java:62)\r\n\tat sun.reflect.DelegatingConstructorAccessorImpl.newInstance(DelegatingConstructorAccessorImpl.java:45)\r\n\tat java.lang.reflect.Constructor.newInstance(Constructor.java:423)\r\n\tat org.openqa.selenium.remote.ErrorHandler.createThrowable(ErrorHandler.java:215)\r\n\tat org.openqa.selenium.remote.ErrorHandler.throwIfResponseFailed(ErrorHandler.java:173)\r\n\tat org.openqa.selenium.remote.http.JsonHttpResponseCodec.reconstructValue(JsonHttpResponseCodec.java:40)\r\n\tat org.openqa.selenium.remote.http.AbstractHttpResponseCodec.decode(AbstractHttpResponseCodec.java:82)\r\n\tat org.openqa.selenium.remote.http.AbstractHttpResponseCodec.decode(AbstractHttpResponseCodec.java:45)\r\n\tat org.openqa.selenium.remote.HttpCommandExecutor.execute(HttpCommandExecutor.java:164)\r\n\tat org.openqa.selenium.remote.service.DriverCommandExecutor.execute(DriverCommandExecutor.java:82)\r\n\tat org.openqa.selenium.remote.RemoteWebDriver.execute(RemoteWebDriver.java:646)\r\n\tat org.openqa.selenium.remote.RemoteWebDriver.findElement(RemoteWebDriver.java:416)\r\n\tat org.openqa.selenium.remote.RemoteWebDriver.findElementByLinkText(RemoteWebDriver.java:470)\r\n\tat org.openqa.selenium.By$ByLinkText.findElement(By.java:246)\r\n\tat org.openqa.selenium.remote.RemoteWebDriver.findElement(RemoteWebDriver.java:408)\r\n\tat org.openqa.selenium.support.pagefactory.DefaultElementLocator.findElement(DefaultElementLocator.java:69)\r\n\tat org.openqa.selenium.support.pagefactory.internal.LocatingElementHandler.invoke(LocatingElementHandler.java:38)\r\n\tat com.sun.proxy.$Proxy18.click(Unknown Source)\r\n\tat com.TestWithMaven.FundTransfer._openFundTransferPage(FundTransfer.java:39)\r\n\tat com.TestWithMaven.Annotation._openFundTranserPage(Annotation.java:256)\r\n\tat ✽.When the user opens Fund Transfer page(3_Account.feature:22)\r\n",
              "status": "failed"
            },
            "line": 22,
            "name": "the user opens Fund Transfer page",
            "match": {
              "location": "Annotation._openFundTranserPage()"
            },
            "keyword": "When "
          },
          {
            "result": {
              "status": "skipped"
            },
            "line": 23,
            "name": "From Account \"36572\" transfers \"100\" to \"Wife\u0027s Account\"",
            "match": {
              "arguments": [
                {
                  "val": "36572",
                  "offset": 14
                },
                {
                  "val": "100",
                  "offset": 32
                },
                {
                  "val": "Wife\u0027s Account",
                  "offset": 41
                }
              ],
              "location": "Annotation._transferCash(String,String,String)"
            },
            "keyword": "Then "
          }
        ]
      },
      {
        "line": 25,
        "name": "Check balance",
        "description": "",
        "id": "bank-account;check-balance",
        "type": "scenario",
        "keyword": "Scenario",
        "steps": [
          {
            "result": {
              "duration": 79622629,
              "error_message": "org.openqa.selenium.UnhandledAlertException: unexpected alert open: {Alert text : please fill all fields}\n  (Session info: chrome\u003d60.0.3112.113)\n  (Driver info: chromedriver\u003d2.32.498550 (9dec58e66c31bcc53a9ce3c7226f0c1c5810906a),platform\u003dWindows NT 6.1.7601 SP1 x86_64) (WARNING: The server did not provide any stacktrace information)\nCommand duration or timeout: 0 milliseconds: null\nBuild info: version: \u00273.5.3\u0027, revision: \u0027a88d25fe6b\u0027, time: \u00272017-08-29T12:42:44.417Z\u0027\nSystem info: host: \u0027NBHQW9M12\u0027, ip: \u0027192.168.8.101\u0027, os.name: \u0027Windows 7\u0027, os.arch: \u0027amd64\u0027, os.version: \u00276.1\u0027, java.version: \u00271.8.0_161\u0027\nDriver info: org.openqa.selenium.chrome.ChromeDriver\nCapabilities [{mobileEmulationEnabled\u003dfalse, hasTouchScreen\u003dfalse, platform\u003dXP, acceptSslCerts\u003dtrue, webStorageEnabled\u003dtrue, browserName\u003dchrome, takesScreenshot\u003dtrue, javascriptEnabled\u003dtrue, platformName\u003dXP, setWindowRect\u003dtrue, unexpectedAlertBehaviour\u003d, applicationCacheEnabled\u003dfalse, rotatable\u003dfalse, networkConnectionEnabled\u003dfalse, chrome\u003d{chromedriverVersion\u003d2.32.498550 (9dec58e66c31bcc53a9ce3c7226f0c1c5810906a), userDataDir\u003dC:\\Users\\ALMAKH~1\\AppData\\Local\\Temp\\scoped_dir10712_2846}, takesHeapSnapshot\u003dtrue, pageLoadStrategy\u003dnormal, unhandledPromptBehavior\u003d, databaseEnabled\u003dfalse, handlesAlerts\u003dtrue, version\u003d60.0.3112.113, browserConnectionEnabled\u003dfalse, nativeEvents\u003dtrue, locationContextEnabled\u003dtrue, cssSelectorsEnabled\u003dtrue}]\nSession ID: f872917878e63c48244c52e9c7e00afa\n*** Element info: {Using\u003dlink text, value\u003dBalance Enquiry}\r\n\tat sun.reflect.NativeConstructorAccessorImpl.newInstance0(Native Method)\r\n\tat sun.reflect.NativeConstructorAccessorImpl.newInstance(NativeConstructorAccessorImpl.java:62)\r\n\tat sun.reflect.DelegatingConstructorAccessorImpl.newInstance(DelegatingConstructorAccessorImpl.java:45)\r\n\tat java.lang.reflect.Constructor.newInstance(Constructor.java:423)\r\n\tat org.openqa.selenium.remote.ErrorHandler.createThrowable(ErrorHandler.java:215)\r\n\tat org.openqa.selenium.remote.ErrorHandler.throwIfResponseFailed(ErrorHandler.java:173)\r\n\tat org.openqa.selenium.remote.http.JsonHttpResponseCodec.reconstructValue(JsonHttpResponseCodec.java:40)\r\n\tat org.openqa.selenium.remote.http.AbstractHttpResponseCodec.decode(AbstractHttpResponseCodec.java:82)\r\n\tat org.openqa.selenium.remote.http.AbstractHttpResponseCodec.decode(AbstractHttpResponseCodec.java:45)\r\n\tat org.openqa.selenium.remote.HttpCommandExecutor.execute(HttpCommandExecutor.java:164)\r\n\tat org.openqa.selenium.remote.service.DriverCommandExecutor.execute(DriverCommandExecutor.java:82)\r\n\tat org.openqa.selenium.remote.RemoteWebDriver.execute(RemoteWebDriver.java:646)\r\n\tat org.openqa.selenium.remote.RemoteWebDriver.findElement(RemoteWebDriver.java:416)\r\n\tat org.openqa.selenium.remote.RemoteWebDriver.findElementByLinkText(RemoteWebDriver.java:470)\r\n\tat org.openqa.selenium.By$ByLinkText.findElement(By.java:246)\r\n\tat org.openqa.selenium.remote.RemoteWebDriver.findElement(RemoteWebDriver.java:408)\r\n\tat org.openqa.selenium.support.pagefactory.DefaultElementLocator.findElement(DefaultElementLocator.java:69)\r\n\tat org.openqa.selenium.support.pagefactory.internal.LocatingElementHandler.invoke(LocatingElementHandler.java:38)\r\n\tat com.sun.proxy.$Proxy18.click(Unknown Source)\r\n\tat com.TestWithMaven.BalanceEnquiry._openBalanceEnquiryPage(BalanceEnquiry.java:27)\r\n\tat com.TestWithMaven.Annotation._openBalanceEnquiry(Annotation.java:272)\r\n\tat ✽.When the user opens Balance Enquiry Page(3_Account.feature:26)\r\n",
              "status": "failed"
            },
            "line": 26,
            "name": "the user opens Balance Enquiry Page",
            "match": {
              "location": "Annotation._openBalanceEnquiry()"
            },
            "keyword": "When "
          },
          {
            "result": {
              "status": "skipped"
            },
            "line": 27,
            "name": "Checks Balance Enquiry",
            "match": {
              "location": "Annotation._checkBalanceEnquiry()"
            },
            "keyword": "Then "
          }
        ]
      },
      {
        "line": 29,
        "name": "View Mini Statement",
        "description": "",
        "id": "bank-account;view-mini-statement",
        "type": "scenario",
        "keyword": "Scenario",
        "steps": [
          {
            "result": {
              "duration": 48858070,
              "error_message": "org.openqa.selenium.UnhandledAlertException: unexpected alert open: {Alert text : please fill all fields}\n  (Session info: chrome\u003d60.0.3112.113)\n  (Driver info: chromedriver\u003d2.32.498550 (9dec58e66c31bcc53a9ce3c7226f0c1c5810906a),platform\u003dWindows NT 6.1.7601 SP1 x86_64) (WARNING: The server did not provide any stacktrace information)\nCommand duration or timeout: 0 milliseconds: null\nBuild info: version: \u00273.5.3\u0027, revision: \u0027a88d25fe6b\u0027, time: \u00272017-08-29T12:42:44.417Z\u0027\nSystem info: host: \u0027NBHQW9M12\u0027, ip: \u0027192.168.8.101\u0027, os.name: \u0027Windows 7\u0027, os.arch: \u0027amd64\u0027, os.version: \u00276.1\u0027, java.version: \u00271.8.0_161\u0027\nDriver info: org.openqa.selenium.chrome.ChromeDriver\nCapabilities [{mobileEmulationEnabled\u003dfalse, hasTouchScreen\u003dfalse, platform\u003dXP, acceptSslCerts\u003dtrue, webStorageEnabled\u003dtrue, browserName\u003dchrome, takesScreenshot\u003dtrue, javascriptEnabled\u003dtrue, platformName\u003dXP, setWindowRect\u003dtrue, unexpectedAlertBehaviour\u003d, applicationCacheEnabled\u003dfalse, rotatable\u003dfalse, networkConnectionEnabled\u003dfalse, chrome\u003d{chromedriverVersion\u003d2.32.498550 (9dec58e66c31bcc53a9ce3c7226f0c1c5810906a), userDataDir\u003dC:\\Users\\ALMAKH~1\\AppData\\Local\\Temp\\scoped_dir10712_2846}, takesHeapSnapshot\u003dtrue, pageLoadStrategy\u003dnormal, unhandledPromptBehavior\u003d, databaseEnabled\u003dfalse, handlesAlerts\u003dtrue, version\u003d60.0.3112.113, browserConnectionEnabled\u003dfalse, nativeEvents\u003dtrue, locationContextEnabled\u003dtrue, cssSelectorsEnabled\u003dtrue}]\nSession ID: f872917878e63c48244c52e9c7e00afa\n*** Element info: {Using\u003dlink text, value\u003dMini Statement}\r\n\tat sun.reflect.NativeConstructorAccessorImpl.newInstance0(Native Method)\r\n\tat sun.reflect.NativeConstructorAccessorImpl.newInstance(NativeConstructorAccessorImpl.java:62)\r\n\tat sun.reflect.DelegatingConstructorAccessorImpl.newInstance(DelegatingConstructorAccessorImpl.java:45)\r\n\tat java.lang.reflect.Constructor.newInstance(Constructor.java:423)\r\n\tat org.openqa.selenium.remote.ErrorHandler.createThrowable(ErrorHandler.java:215)\r\n\tat org.openqa.selenium.remote.ErrorHandler.throwIfResponseFailed(ErrorHandler.java:173)\r\n\tat org.openqa.selenium.remote.http.JsonHttpResponseCodec.reconstructValue(JsonHttpResponseCodec.java:40)\r\n\tat org.openqa.selenium.remote.http.AbstractHttpResponseCodec.decode(AbstractHttpResponseCodec.java:82)\r\n\tat org.openqa.selenium.remote.http.AbstractHttpResponseCodec.decode(AbstractHttpResponseCodec.java:45)\r\n\tat org.openqa.selenium.remote.HttpCommandExecutor.execute(HttpCommandExecutor.java:164)\r\n\tat org.openqa.selenium.remote.service.DriverCommandExecutor.execute(DriverCommandExecutor.java:82)\r\n\tat org.openqa.selenium.remote.RemoteWebDriver.execute(RemoteWebDriver.java:646)\r\n\tat org.openqa.selenium.remote.RemoteWebDriver.findElement(RemoteWebDriver.java:416)\r\n\tat org.openqa.selenium.remote.RemoteWebDriver.findElementByLinkText(RemoteWebDriver.java:470)\r\n\tat org.openqa.selenium.By$ByLinkText.findElement(By.java:246)\r\n\tat org.openqa.selenium.remote.RemoteWebDriver.findElement(RemoteWebDriver.java:408)\r\n\tat org.openqa.selenium.support.pagefactory.DefaultElementLocator.findElement(DefaultElementLocator.java:69)\r\n\tat org.openqa.selenium.support.pagefactory.internal.LocatingElementHandler.invoke(LocatingElementHandler.java:38)\r\n\tat com.sun.proxy.$Proxy18.click(Unknown Source)\r\n\tat com.TestWithMaven.MiniStatement._openMiniStatementPage(MiniStatement.java:27)\r\n\tat com.TestWithMaven.Annotation._openMiniEnquiry(Annotation.java:289)\r\n\tat ✽.When the user opens Mini Statement(3_Account.feature:30)\r\n",
              "status": "failed"
            },
            "line": 30,
            "name": "the user opens Mini Statement",
            "match": {
              "location": "Annotation._openMiniEnquiry()"
            },
            "keyword": "When "
          },
          {
            "result": {
              "status": "skipped"
            },
            "line": 31,
            "name": "Checks Mini Statement",
            "match": {
              "location": "Annotation._checkMiniStatement()"
            },
            "keyword": "Then "
          }
        ]
      }
    ],
    "name": "Bank Account",
    "description": "",
    "id": "bank-account",
    "keyword": "Feature",
    "uri": "3_Account.feature"
  }
]